#
# A fatal error has been detected by the Java Runtime Environment:
#
#  EXCEPTION_ACCESS_VIOLATION (0xc0000005) at pc=0x00007fff504ad69a, pid=8504, tid=22216
#
# JRE version: OpenJDK Runtime Environment Temurin-17.0.2+8 (17.0.2+8) (build 17.0.2+8)
# Java VM: OpenJDK 64-Bit Server VM Temurin-17.0.2+8 (17.0.2+8, mixed mode, tiered, compressed oops, compressed class ptrs, g1 gc, windows-amd64)
# Problematic frame:
# V  [jvm.dll+0x79d69a]
#
# No core dump will be written. Minidumps are not enabled by default on client versions of Windows
#
# If you would like to submit a bug report, please visit:
#   https://github.com/adoptium/adoptium-support/issues
#

---------------  S U M M A R Y ------------

Command Line: -XX:+ShowCodeDetailsInExceptionMessages -agentlib:jdwp=transport=dt_socket,suspend=y,address=localhost:52620 -javaagent:C:\Users\Kalin\eclipse\java-2022-03\eclipse\configuration\org.eclipse.osgi\1946\0\.cp\lib\javaagent-shaded.jar -Dfile.encoding=windows-1251 customList.Main

Host: Intel(R) Core(TM) i7-9750H CPU @ 2.60GHz, 12 cores, 15G,  Windows 11 , 64 bit Build 22621 (10.0.22621.1105)
Time: Sat Jan 28 12:09:10 2023  Windows 11 , 64 bit Build 22621 (10.0.22621.1105) elapsed time: 1846.539478 seconds (0d 0h 30m 46s)

---------------  T H R E A D  ---------------

Current thread (0x00000193ffb06ef0):  JavaThread "JDWP Transport Listener: dt_socket" daemon [_thread_in_vm, id=22216, stack(0x0000003ee7900000,0x0000003ee7a00000)]

Stack: [0x0000003ee7900000,0x0000003ee7a00000],  sp=0x0000003ee79ff130,  free space=1020k
Native frames: (J=compiled Java code, j=interpreted, Vv=VM code, C=native code)
V  [jvm.dll+0x79d69a]
V  [jvm.dll+0x50842c]
V  [jvm.dll+0x4cfa94]
C  [jdwp.dll+0x22dff]


siginfo: EXCEPTION_ACCESS_VIOLATION (0xc0000005), reading address 0x0000000000840086


Register to memory mapping:

RIP=0x00007fff504ad69a jvm.dll
RAX=0x0000000000000081 is an unknown value
RBX=0x00000193ff8ac878 points into unknown readable memory: 0x72756f7365722f6c | 6c 2f 72 65 73 6f 75 72
RCX=0x0000000000840082 is an unknown value
RDX=0x000001938f4b3b50 points into unknown readable memory: 0x4c6d6f747375634c | 4c 63 75 73 74 6f 6d 4c
RSP=0x0000003ee79ff130 is pointing into the stack for thread: 0x00000193ffb06ef0
RBP=0x00000193ffaec1c0 points into unknown readable memory: 0x0000001700000002 | 02 00 00 00 17 00 00 00
RSI=0x0 is NULL
RDI=0xffffffffffffffff is an unknown value
R8 =0x00000000000000c3 is an unknown value
R9 =0x0000000000000040 is an unknown value
R10=0x00000000000000c0 is an unknown value
R11=0x0000003ee79ff150 is pointing into the stack for thread: 0x00000193ffb06ef0
R12=0x0000003ee79ff288 is pointing into the stack for thread: 0x00000193ffb06ef0
R13=0x0 is NULL
R14=0x0000000800105698 is a pointer to class: 
customList.CustomList {0x00000008001056a0}
 - instance size:     2
 - klass size:        73
 - access:            public synchronized 
 - state:             fully_initialized
 - name:              'customList/CustomList'
 - super:             'java/lang/Object'
 - sub:               
 - arrays:            NULL
 - methods:           Array<T>(0x000001938f8485a0)
 - method ordering:   Array<T>(0x000001938f848e40)
 - default_methods:   Array<T>(0x0000000000000000)
 - local interfaces:  Array<T>(0x00000193ff000058)
 - trans. interfaces: Array<T>(0x00000193ff000058)
 - constants:         constant pool [163]/operands[14] {0x000001938f8499c8} for 'customList/CustomList' cache=0x000001938f849f88
 - class loader data:  loader data: 0x00000193ffa1a4d0 for instance a 'jdk/internal/loader/ClassLoaders$AppClassLoader'{0x0000000711463238}
 - source file:       'CustomList.java'
 - source debug extension:       SMAP
CustomList.java
Java
*S jdt
*F
1 CustomList.java
2 file:/C:/Users/Kalin/Documents/Eclipse/git/Java-Advanced/Generics/bin/
*L
*E

 - class annotations:       Array<T>(0x0000000000000000)
 - class type annotations:  Array<T>(0x0000000000000000)
 - field annotations:       Array<T>(0x0000000000000000)
 - field type annotations:  Array<T>(0x0000000000000000)
 - generic signature: '
[error occurred during error reporting (printing register info), id 0xc0000005, EXCEPTION_ACCESS_VIOLATION (0xc0000005) at pc=0x00007fff504ae2a6]

Registers:
RAX=0x0000000000000081, RBX=0x00000193ff8ac878, RCX=0x0000000000840082, RDX=0x000001938f4b3b50
RSP=0x0000003ee79ff130, RBP=0x00000193ffaec1c0, RSI=0x0000000000000000, RDI=0xffffffffffffffff
R8 =0x00000000000000c3, R9 =0x0000000000000040, R10=0x00000000000000c0, R11=0x0000003ee79ff150
R12=0x0000003ee79ff288, R13=0x0000000000000000, R14=0x0000000800105698, R15=0x0000003ee79ff2b0
RIP=0x00007fff504ad69a, EFLAGS=0x0000000000010206

Top of Stack: (sp=0x0000003ee79ff130)
0x0000003ee79ff130:   0000000000000015 0000000800105698
0x0000003ee79ff140:   000001938f0cc6b0 00007fffa160b1e1
0x0000003ee79ff150:   ffffffffffffffff 00007fff5021842c
0x0000003ee79ff160:   00000193ff8ac878 00000193ff8ac860
0x0000003ee79ff170:   00000193ffaec1c0 0000000000000000
0x0000003ee79ff180:   00000193ff8ac830 00000000000003d8
0x0000003ee79ff190:   00000193ff8ac840 00000193ff8acc18
0x0000003ee79ff1a0:   0000000000002c01 0000003ee79ff288
0x0000003ee79ff1b0:   0000000000000007 00000193ffb07198
0x0000003ee79ff1c0:   0000000710efe078 00007fff501dfa94
0x0000003ee79ff1d0:   00000193ffb06ef0 0000003ee79ff2b0
0x0000003ee79ff1e0:   00000193eecbab50 0000003ee79ff2b0
0x0000003ee79ff1f0:   00000193ffb06ef0 0000000000000000
0x0000003ee79ff200:   0000000000000000 0000000000000000
0x0000003ee79ff210:   00000193ffbb2f80 00007fff7a8e2dff
0x0000003ee79ff220:   0000003ee79ff2a8 00007fff7a8f1aa0 

Instructions: (pc=0x00007fff504ad69a)
0x00007fff504ad59a:   48 83 c4 20 5f e9 4c 8d 90 ff cc cc cc cc cc cc
0x00007fff504ad5aa:   cc cc cc cc cc cc 48 89 5c 24 08 57 48 83 ec 20
0x00007fff504ad5ba:   83 fa 02 8d 42 06 b9 08 00 00 00 49 8b d8 0f 4e
0x00007fff504ad5ca:   c1 48 63 c8 48 83 c1 07 83 e1 f8 48 63 f9 49 8b
0x00007fff504ad5da:   48 18 48 8b c7 48 f7 d0 48 3b c1 73 16 4c 8d 05
0x00007fff504ad5ea:   da 4c 17 00 48 8b d7 48 8b cb e8 57 f0 90 ff 48
0x00007fff504ad5fa:   8b 4b 18 48 8d 04 39 48 3b 43 20 76 18 45 33 c0
0x00007fff504ad60a:   48 8b d7 48 8b cb 48 8b 5c 24 30 48 83 c4 20 5f
0x00007fff504ad61a:   e9 b1 ec 90 ff 48 89 43 18 48 8b c1 48 8b 5c 24
0x00007fff504ad62a:   30 48 83 c4 20 5f c3 cc cc cc cc cc cc cc cc cc
0x00007fff504ad63a:   cc cc cc cc cc cc 4c 8b d2 4c 8b d9 45 85 c0 7e
0x00007fff504ad64a:   3c 44 0f b7 49 04 41 8d 40 ff 41 3b c1 44 0f 4c
0x00007fff504ad65a:   c8 4d 63 c1 45 85 c9 7e 1f 48 8b c2 4c 2b da 49
0x00007fff504ad66a:   8b d0 0f 1f 40 00 41 0f b6 4c 03 06 88 08 48 8d
0x00007fff504ad67a:   40 01 48 83 ea 01 75 ee 43 c6 04 10 00 49 8b c2
0x00007fff504ad68a:   c3 cc cc cc cc cc 48 89 5c 24 08 57 48 83 ec 20
0x00007fff504ad69a:   0f b7 59 04 48 8b f9 33 d2 48 8d 4b 01 e8 84 df
0x00007fff504ad6aa:   f2 ff 0f b7 57 04 4c 8b c0 3b da 0f 42 d3 44 8b
0x00007fff504ad6ba:   ca 85 d2 74 39 48 2b f8 0f 1f 40 00 66 66 0f 1f
0x00007fff504ad6ca:   84 00 00 00 00 00 0f b6 4c 07 06 88 08 48 ff c0
0x00007fff504ad6da:   48 8b c8 49 2b c8 49 3b c9 7c eb 42 c6 04 02 00
0x00007fff504ad6ea:   49 8b c0 48 8b 5c 24 30 48 83 c4 20 5f c3 48 8b
0x00007fff504ad6fa:   5c 24 30 c6 04 02 00 48 83 c4 20 5f c3 cc cc cc
0x00007fff504ad70a:   cc cc cc cc cc cc 4c 8b d1 45 85 c0 7e 6c 44 0f
0x00007fff504ad71a:   b7 49 04 41 8d 40 ff 41 3b c1 44 0f 4c c8 4d 63
0x00007fff504ad72a:   d9 45 85 c9 7e 22 48 8b ca 4c 2b d2 4d 8b c3 0f
0x00007fff504ad73a:   1f 80 00 00 00 00 41 0f b6 44 0a 06 88 01 48 8d
0x00007fff504ad74a:   49 01 49 83 e8 01 75 ee 41 c6 04 13 00 48 c7 c0
0x00007fff504ad75a:   ff ff ff ff 66 90 48 ff c0 80 3c 02 00 75 f7 48
0x00007fff504ad76a:   63 c8 85 c0 48 8b c2 7e 14 80 38 2f 75 03 c6 00
0x00007fff504ad77a:   2e 48 ff c0 48 83 e9 01 75 ef 48 8b c2 c3 cc cc
0x00007fff504ad78a:   cc cc cc cc cc cc 48 83 ec 28 e8 f7 fe ff ff 4c 


Stack slot to memory mapping:
stack at sp + 0 slots: 0x0000000000000015 is an unknown value
stack at sp + 1 slots: 0x0000000800105698 is a pointer to class: 
customList.CustomList {0x00000008001056a0}
 - instance size:     2
 - klass size:        73
 - access:            public synchronized 
 - state:             fully_initialized
 - name:              'customList/CustomList'
 - super:             'java/lang/Object'
 - sub:               
 - arrays:            NULL
 - methods:           Array<T>(0x000001938f8485a0)
 - method ordering:   Array<T>(0x000001938f848e40)
 - default_methods:   Array<T>(0x0000000000000000)
 - local interfaces:  Array<T>(0x00000193ff000058)
 - trans. interfaces: Array<T>(0x00000193ff000058)
 - constants:         constant pool [163]/operands[14] {0x000001938f8499c8} for 'customList/CustomList' cache=0x000001938f849f88
 - class loader data:  loader data: 0x00000193ffa1a4d0 for instance a 'jdk/internal/loader/ClassLoaders$AppClassLoader'{0x0000000711463238}
 - source file:       'CustomList.java'
 - source debug extension:       SMAP
CustomList.java
Java
*S jdt
*F
1 CustomList.java
2 file:/C:/Users/Kalin/Documents/Eclipse/git/Java-Advanced/Generics/bin/
*L
*E

 - class annotations:       Array<T>(0x0000000000000000)
 - class type annotations:  Array<T>(0x0000000000000000)
 - field annotations:       Array<T>(0x0000000000000000)
 - field type annotations:  Array<T>(0x0000000000000000)
 - generic signature: '
[error occurred during error reporting (inspecting top of stack), id 0xc0000005, EXCEPTION_ACCESS_VIOLATION (0xc0000005) at pc=0x00007fff504ae2a6]


---------------  P R O C E S S  ---------------

Threads class SMR info:
_java_thread_list=0x000001938f38c100, length=15, elements={
0x00000193eeccc440, 0x00000193fecb98b0, 0x00000193ff81d620, 0x00000193ff870ba0,
0x00000193ff873470, 0x00000193ff873e20, 0x00000193ff886400, 0x00000193ff88c6a0,
0x00000193ff88d140, 0x00000193ff88db30, 0x00000193ffa26c90, 0x00000193ffb06ef0,
0x00000193ffbb0c20, 0x00000193ffbb3310, 0x000001938f199810
}

Java Threads: ( => current thread )
  0x00000193eeccc440 JavaThread "main" [_thread_in_native, id=21308, stack(0x0000003ee6800000,0x0000003ee6900000)]
  0x00000193fecb98b0 JavaThread "Reference Handler" daemon [_thread_blocked, id=16052, stack(0x0000003ee6f00000,0x0000003ee7000000)]
  0x00000193ff81d620 JavaThread "Finalizer" daemon [_thread_blocked, id=12524, stack(0x0000003ee7000000,0x0000003ee7100000)]
  0x00000193ff870ba0 JavaThread "Signal Dispatcher" daemon [_thread_blocked, id=23188, stack(0x0000003ee7100000,0x0000003ee7200000)]
  0x00000193ff873470 JavaThread "Attach Listener" daemon [_thread_blocked, id=10604, stack(0x0000003ee7200000,0x0000003ee7300000)]
  0x00000193ff873e20 JavaThread "Service Thread" daemon [_thread_blocked, id=22852, stack(0x0000003ee7300000,0x0000003ee7400000)]
  0x00000193ff886400 JavaThread "Monitor Deflation Thread" daemon [_thread_blocked, id=22572, stack(0x0000003ee7400000,0x0000003ee7500000)]
  0x00000193ff88c6a0 JavaThread "C2 CompilerThread0" daemon [_thread_blocked, id=3608, stack(0x0000003ee7500000,0x0000003ee7600000)]
  0x00000193ff88d140 JavaThread "C1 CompilerThread0" daemon [_thread_blocked, id=3392, stack(0x0000003ee7600000,0x0000003ee7700000)]
  0x00000193ff88db30 JavaThread "Sweeper thread" daemon [_thread_blocked, id=6164, stack(0x0000003ee7700000,0x0000003ee7800000)]
  0x00000193ffa26c90 JavaThread "Common-Cleaner" daemon [_thread_blocked, id=17184, stack(0x0000003ee7800000,0x0000003ee7900000)]
=>0x00000193ffb06ef0 JavaThread "JDWP Transport Listener: dt_socket" daemon [_thread_in_vm, id=22216, stack(0x0000003ee7900000,0x0000003ee7a00000)]
  0x00000193ffbb0c20 JavaThread "JDWP Event Helper Thread" daemon [_thread_blocked, id=18484, stack(0x0000003ee7a00000,0x0000003ee7b00000)]
  0x00000193ffbb3310 JavaThread "JDWP Command Reader" daemon [_thread_in_native, id=6940, stack(0x0000003ee7b00000,0x0000003ee7c00000)]
  0x000001938f199810 JavaThread "Notification Thread" daemon [_thread_blocked, id=2940, stack(0x0000003ee7c00000,0x0000003ee7d00000)]

Other Threads:
  0x00000193fec8e790 VMThread "VM Thread" [stack: 0x0000003ee6e00000,0x0000003ee6f00000] [id=22716]
  0x000001938f16ff00 WatcherThread [stack: 0x0000003ee7d00000,0x0000003ee7e00000] [id=6068]
  0x00000193eed19f80 GCTaskThread "GC Thread#0" [stack: 0x0000003ee6900000,0x0000003ee6a00000] [id=23148]
  0x00000193eed2b6c0 ConcurrentGCThread "G1 Main Marker" [stack: 0x0000003ee6a00000,0x0000003ee6b00000] [id=20324]
  0x00000193eed2c0d0 ConcurrentGCThread "G1 Conc#0" [stack: 0x0000003ee6b00000,0x0000003ee6c00000] [id=4372]
  0x00000193feb430e0 ConcurrentGCThread "G1 Refine#0" [stack: 0x0000003ee6c00000,0x0000003ee6d00000] [id=7528]
  0x00000193feb449b0 ConcurrentGCThread "G1 Service" [stack: 0x0000003ee6d00000,0x0000003ee6e00000] [id=16284]

Threads with active compile tasks:

VM state: not at safepoint (normal execution)

VM Mutex/Monitor currently owned by a thread: None

Heap address: 0x0000000701600000, size: 4074 MB, Compressed Oops mode: Zero based, Oop shift amount: 3

CDS archive(s) not mapped
Compressed class space mapped at: 0x0000000800000000-0x0000000840000000, reserved size: 1073741824
Narrow klass base: 0x0000000800000000, Narrow klass shift: 0, Narrow klass range: 0x40000000

GC Precious Log:
 CPUs: 12 total, 12 available
 Memory: 16294M
 Large Page Support: Disabled
 NUMA Support: Disabled
 Compressed Oops: Enabled (Zero based)
 Heap Region Size: 2M
 Heap Min Capacity: 8M
 Heap Initial Capacity: 256M
 Heap Max Capacity: 4074M
 Pre-touch: Disabled
 Parallel Workers: 10
 Concurrent Workers: 3
 Concurrent Refinement Workers: 10
 Periodic GC: Disabled

Heap:
 garbage-first heap   total 262144K, used 6144K [0x0000000701600000, 0x0000000800000000)
  region size 2048K, 4 young (8192K), 0 survivors (0K)
 Metaspace       used 10271K, committed 10368K, reserved 1064960K
  class space    used 896K, committed 960K, reserved 1048576K

Heap Regions: E=young(eden), S=young(survivor), O=old, HS=humongous(starts), HC=humongous(continues), CS=collection set, F=free, OA=open archive, CA=closed archive, TAMS=top-at-mark-start (previous, next)
|   0|0x0000000701600000, 0x0000000701600000, 0x0000000701800000|  0%| F|  |TAMS 0x0000000701600000, 0x0000000701600000| Untracked 
|   1|0x0000000701800000, 0x0000000701800000, 0x0000000701a00000|  0%| F|  |TAMS 0x0000000701800000, 0x0000000701800000| Untracked 
|   2|0x0000000701a00000, 0x0000000701a00000, 0x0000000701c00000|  0%| F|  |TAMS 0x0000000701a00000, 0x0000000701a00000| Untracked 
|   3|0x0000000701c00000, 0x0000000701c00000, 0x0000000701e00000|  0%| F|  |TAMS 0x0000000701c00000, 0x0000000701c00000| Untracked 
|   4|0x0000000701e00000, 0x0000000701e00000, 0x0000000702000000|  0%| F|  |TAMS 0x0000000701e00000, 0x0000000701e00000| Untracked 
|   5|0x0000000702000000, 0x0000000702000000, 0x0000000702200000|  0%| F|  |TAMS 0x0000000702000000, 0x0000000702000000| Untracked 
|   6|0x0000000702200000, 0x0000000702200000, 0x0000000702400000|  0%| F|  |TAMS 0x0000000702200000, 0x0000000702200000| Untracked 
|   7|0x0000000702400000, 0x0000000702400000, 0x0000000702600000|  0%| F|  |TAMS 0x0000000702400000, 0x0000000702400000| Untracked 
|   8|0x0000000702600000, 0x0000000702600000, 0x0000000702800000|  0%| F|  |TAMS 0x0000000702600000, 0x0000000702600000| Untracked 
|   9|0x0000000702800000, 0x0000000702800000, 0x0000000702a00000|  0%| F|  |TAMS 0x0000000702800000, 0x0000000702800000| Untracked 
|  10|0x0000000702a00000, 0x0000000702a00000, 0x0000000702c00000|  0%| F|  |TAMS 0x0000000702a00000, 0x0000000702a00000| Untracked 
|  11|0x0000000702c00000, 0x0000000702c00000, 0x0000000702e00000|  0%| F|  |TAMS 0x0000000702c00000, 0x0000000702c00000| Untracked 
|  12|0x0000000702e00000, 0x0000000702e00000, 0x0000000703000000|  0%| F|  |TAMS 0x0000000702e00000, 0x0000000702e00000| Untracked 
|  13|0x0000000703000000, 0x0000000703000000, 0x0000000703200000|  0%| F|  |TAMS 0x0000000703000000, 0x0000000703000000| Untracked 
|  14|0x0000000703200000, 0x0000000703200000, 0x0000000703400000|  0%| F|  |TAMS 0x0000000703200000, 0x0000000703200000| Untracked 
|  15|0x0000000703400000, 0x0000000703400000, 0x0000000703600000|  0%| F|  |TAMS 0x0000000703400000, 0x0000000703400000| Untracked 
|  16|0x0000000703600000, 0x0000000703600000, 0x0000000703800000|  0%| F|  |TAMS 0x0000000703600000, 0x0000000703600000| Untracked 
|  17|0x0000000703800000, 0x0000000703800000, 0x0000000703a00000|  0%| F|  |TAMS 0x0000000703800000, 0x0000000703800000| Untracked 
|  18|0x0000000703a00000, 0x0000000703a00000, 0x0000000703c00000|  0%| F|  |TAMS 0x0000000703a00000, 0x0000000703a00000| Untracked 
|  19|0x0000000703c00000, 0x0000000703c00000, 0x0000000703e00000|  0%| F|  |TAMS 0x0000000703c00000, 0x0000000703c00000| Untracked 
|  20|0x0000000703e00000, 0x0000000703e00000, 0x0000000704000000|  0%| F|  |TAMS 0x0000000703e00000, 0x0000000703e00000| Untracked 
|  21|0x0000000704000000, 0x0000000704000000, 0x0000000704200000|  0%| F|  |TAMS 0x0000000704000000, 0x0000000704000000| Untracked 
|  22|0x0000000704200000, 0x0000000704200000, 0x0000000704400000|  0%| F|  |TAMS 0x0000000704200000, 0x0000000704200000| Untracked 
|  23|0x0000000704400000, 0x0000000704400000, 0x0000000704600000|  0%| F|  |TAMS 0x0000000704400000, 0x0000000704400000| Untracked 
|  24|0x0000000704600000, 0x0000000704600000, 0x0000000704800000|  0%| F|  |TAMS 0x0000000704600000, 0x0000000704600000| Untracked 
|  25|0x0000000704800000, 0x0000000704800000, 0x0000000704a00000|  0%| F|  |TAMS 0x0000000704800000, 0x0000000704800000| Untracked 
|  26|0x0000000704a00000, 0x0000000704a00000, 0x0000000704c00000|  0%| F|  |TAMS 0x0000000704a00000, 0x0000000704a00000| Untracked 
|  27|0x0000000704c00000, 0x0000000704c00000, 0x0000000704e00000|  0%| F|  |TAMS 0x0000000704c00000, 0x0000000704c00000| Untracked 
|  28|0x0000000704e00000, 0x0000000704e00000, 0x0000000705000000|  0%| F|  |TAMS 0x0000000704e00000, 0x0000000704e00000| Untracked 
|  29|0x0000000705000000, 0x0000000705000000, 0x0000000705200000|  0%| F|  |TAMS 0x0000000705000000, 0x0000000705000000| Untracked 
|  30|0x0000000705200000, 0x0000000705200000, 0x0000000705400000|  0%| F|  |TAMS 0x0000000705200000, 0x0000000705200000| Untracked 
|  31|0x0000000705400000, 0x0000000705400000, 0x0000000705600000|  0%| F|  |TAMS 0x0000000705400000, 0x0000000705400000| Untracked 
|  32|0x0000000705600000, 0x0000000705600000, 0x0000000705800000|  0%| F|  |TAMS 0x0000000705600000, 0x0000000705600000| Untracked 
|  33|0x0000000705800000, 0x0000000705800000, 0x0000000705a00000|  0%| F|  |TAMS 0x0000000705800000, 0x0000000705800000| Untracked 
|  34|0x0000000705a00000, 0x0000000705a00000, 0x0000000705c00000|  0%| F|  |TAMS 0x0000000705a00000, 0x0000000705a00000| Untracked 
|  35|0x0000000705c00000, 0x0000000705c00000, 0x0000000705e00000|  0%| F|  |TAMS 0x0000000705c00000, 0x0000000705c00000| Untracked 
|  36|0x0000000705e00000, 0x0000000705e00000, 0x0000000706000000|  0%| F|  |TAMS 0x0000000705e00000, 0x0000000705e00000| Untracked 
|  37|0x0000000706000000, 0x0000000706000000, 0x0000000706200000|  0%| F|  |TAMS 0x0000000706000000, 0x0000000706000000| Untracked 
|  38|0x0000000706200000, 0x0000000706200000, 0x0000000706400000|  0%| F|  |TAMS 0x0000000706200000, 0x0000000706200000| Untracked 
|  39|0x0000000706400000, 0x0000000706400000, 0x0000000706600000|  0%| F|  |TAMS 0x0000000706400000, 0x0000000706400000| Untracked 
|  40|0x0000000706600000, 0x0000000706600000, 0x0000000706800000|  0%| F|  |TAMS 0x0000000706600000, 0x0000000706600000| Untracked 
|  41|0x0000000706800000, 0x0000000706800000, 0x0000000706a00000|  0%| F|  |TAMS 0x0000000706800000, 0x0000000706800000| Untracked 
|  42|0x0000000706a00000, 0x0000000706a00000, 0x0000000706c00000|  0%| F|  |TAMS 0x0000000706a00000, 0x0000000706a00000| Untracked 
|  43|0x0000000706c00000, 0x0000000706c00000, 0x0000000706e00000|  0%| F|  |TAMS 0x0000000706c00000, 0x0000000706c00000| Untracked 
|  44|0x0000000706e00000, 0x0000000706e00000, 0x0000000707000000|  0%| F|  |TAMS 0x0000000706e00000, 0x0000000706e00000| Untracked 
|  45|0x0000000707000000, 0x0000000707000000, 0x0000000707200000|  0%| F|  |TAMS 0x0000000707000000, 0x0000000707000000| Untracked 
|  46|0x0000000707200000, 0x0000000707200000, 0x0000000707400000|  0%| F|  |TAMS 0x0000000707200000, 0x0000000707200000| Untracked 
|  47|0x0000000707400000, 0x0000000707400000, 0x0000000707600000|  0%| F|  |TAMS 0x0000000707400000, 0x0000000707400000| Untracked 
|  48|0x0000000707600000, 0x0000000707600000, 0x0000000707800000|  0%| F|  |TAMS 0x0000000707600000, 0x0000000707600000| Untracked 
|  49|0x0000000707800000, 0x0000000707800000, 0x0000000707a00000|  0%| F|  |TAMS 0x0000000707800000, 0x0000000707800000| Untracked 
|  50|0x0000000707a00000, 0x0000000707a00000, 0x0000000707c00000|  0%| F|  |TAMS 0x0000000707a00000, 0x0000000707a00000| Untracked 
|  51|0x0000000707c00000, 0x0000000707c00000, 0x0000000707e00000|  0%| F|  |TAMS 0x0000000707c00000, 0x0000000707c00000| Untracked 
|  52|0x0000000707e00000, 0x0000000707e00000, 0x0000000708000000|  0%| F|  |TAMS 0x0000000707e00000, 0x0000000707e00000| Untracked 
|  53|0x0000000708000000, 0x0000000708000000, 0x0000000708200000|  0%| F|  |TAMS 0x0000000708000000, 0x0000000708000000| Untracked 
|  54|0x0000000708200000, 0x0000000708200000, 0x0000000708400000|  0%| F|  |TAMS 0x0000000708200000, 0x0000000708200000| Untracked 
|  55|0x0000000708400000, 0x0000000708400000, 0x0000000708600000|  0%| F|  |TAMS 0x0000000708400000, 0x0000000708400000| Untracked 
|  56|0x0000000708600000, 0x0000000708600000, 0x0000000708800000|  0%| F|  |TAMS 0x0000000708600000, 0x0000000708600000| Untracked 
|  57|0x0000000708800000, 0x0000000708800000, 0x0000000708a00000|  0%| F|  |TAMS 0x0000000708800000, 0x0000000708800000| Untracked 
|  58|0x0000000708a00000, 0x0000000708a00000, 0x0000000708c00000|  0%| F|  |TAMS 0x0000000708a00000, 0x0000000708a00000| Untracked 
|  59|0x0000000708c00000, 0x0000000708c00000, 0x0000000708e00000|  0%| F|  |TAMS 0x0000000708c00000, 0x0000000708c00000| Untracked 
|  60|0x0000000708e00000, 0x0000000708e00000, 0x0000000709000000|  0%| F|  |TAMS 0x0000000708e00000, 0x0000000708e00000| Untracked 
|  61|0x0000000709000000, 0x0000000709000000, 0x0000000709200000|  0%| F|  |TAMS 0x0000000709000000, 0x0000000709000000| Untracked 
|  62|0x0000000709200000, 0x0000000709200000, 0x0000000709400000|  0%| F|  |TAMS 0x0000000709200000, 0x0000000709200000| Untracked 
|  63|0x0000000709400000, 0x0000000709400000, 0x0000000709600000|  0%| F|  |TAMS 0x0000000709400000, 0x0000000709400000| Untracked 
|  64|0x0000000709600000, 0x0000000709600000, 0x0000000709800000|  0%| F|  |TAMS 0x0000000709600000, 0x0000000709600000| Untracked 
|  65|0x0000000709800000, 0x0000000709800000, 0x0000000709a00000|  0%| F|  |TAMS 0x0000000709800000, 0x0000000709800000| Untracked 
|  66|0x0000000709a00000, 0x0000000709a00000, 0x0000000709c00000|  0%| F|  |TAMS 0x0000000709a00000, 0x0000000709a00000| Untracked 
|  67|0x0000000709c00000, 0x0000000709c00000, 0x0000000709e00000|  0%| F|  |TAMS 0x0000000709c00000, 0x0000000709c00000| Untracked 
|  68|0x0000000709e00000, 0x0000000709e00000, 0x000000070a000000|  0%| F|  |TAMS 0x0000000709e00000, 0x0000000709e00000| Untracked 
|  69|0x000000070a000000, 0x000000070a000000, 0x000000070a200000|  0%| F|  |TAMS 0x000000070a000000, 0x000000070a000000| Untracked 
|  70|0x000000070a200000, 0x000000070a200000, 0x000000070a400000|  0%| F|  |TAMS 0x000000070a200000, 0x000000070a200000| Untracked 
|  71|0x000000070a400000, 0x000000070a400000, 0x000000070a600000|  0%| F|  |TAMS 0x000000070a400000, 0x000000070a400000| Untracked 
|  72|0x000000070a600000, 0x000000070a600000, 0x000000070a800000|  0%| F|  |TAMS 0x000000070a600000, 0x000000070a600000| Untracked 
|  73|0x000000070a800000, 0x000000070a800000, 0x000000070aa00000|  0%| F|  |TAMS 0x000000070a800000, 0x000000070a800000| Untracked 
|  74|0x000000070aa00000, 0x000000070aa00000, 0x000000070ac00000|  0%| F|  |TAMS 0x000000070aa00000, 0x000000070aa00000| Untracked 
|  75|0x000000070ac00000, 0x000000070ac00000, 0x000000070ae00000|  0%| F|  |TAMS 0x000000070ac00000, 0x000000070ac00000| Untracked 
|  76|0x000000070ae00000, 0x000000070ae00000, 0x000000070b000000|  0%| F|  |TAMS 0x000000070ae00000, 0x000000070ae00000| Untracked 
|  77|0x000000070b000000, 0x000000070b000000, 0x000000070b200000|  0%| F|  |TAMS 0x000000070b000000, 0x000000070b000000| Untracked 
|  78|0x000000070b200000, 0x000000070b200000, 0x000000070b400000|  0%| F|  |TAMS 0x000000070b200000, 0x000000070b200000| Untracked 
|  79|0x000000070b400000, 0x000000070b400000, 0x000000070b600000|  0%| F|  |TAMS 0x000000070b400000, 0x000000070b400000| Untracked 
|  80|0x000000070b600000, 0x000000070b600000, 0x000000070b800000|  0%| F|  |TAMS 0x000000070b600000, 0x000000070b600000| Untracked 
|  81|0x000000070b800000, 0x000000070b800000, 0x000000070ba00000|  0%| F|  |TAMS 0x000000070b800000, 0x000000070b800000| Untracked 
|  82|0x000000070ba00000, 0x000000070ba00000, 0x000000070bc00000|  0%| F|  |TAMS 0x000000070ba00000, 0x000000070ba00000| Untracked 
|  83|0x000000070bc00000, 0x000000070bc00000, 0x000000070be00000|  0%| F|  |TAMS 0x000000070bc00000, 0x000000070bc00000| Untracked 
|  84|0x000000070be00000, 0x000000070be00000, 0x000000070c000000|  0%| F|  |TAMS 0x000000070be00000, 0x000000070be00000| Untracked 
|  85|0x000000070c000000, 0x000000070c000000, 0x000000070c200000|  0%| F|  |TAMS 0x000000070c000000, 0x000000070c000000| Untracked 
|  86|0x000000070c200000, 0x000000070c200000, 0x000000070c400000|  0%| F|  |TAMS 0x000000070c200000, 0x000000070c200000| Untracked 
|  87|0x000000070c400000, 0x000000070c400000, 0x000000070c600000|  0%| F|  |TAMS 0x000000070c400000, 0x000000070c400000| Untracked 
|  88|0x000000070c600000, 0x000000070c600000, 0x000000070c800000|  0%| F|  |TAMS 0x000000070c600000, 0x000000070c600000| Untracked 
|  89|0x000000070c800000, 0x000000070c800000, 0x000000070ca00000|  0%| F|  |TAMS 0x000000070c800000, 0x000000070c800000| Untracked 
|  90|0x000000070ca00000, 0x000000070ca00000, 0x000000070cc00000|  0%| F|  |TAMS 0x000000070ca00000, 0x000000070ca00000| Untracked 
|  91|0x000000070cc00000, 0x000000070cc00000, 0x000000070ce00000|  0%| F|  |TAMS 0x000000070cc00000, 0x000000070cc00000| Untracked 
|  92|0x000000070ce00000, 0x000000070ce00000, 0x000000070d000000|  0%| F|  |TAMS 0x000000070ce00000, 0x000000070ce00000| Untracked 
|  93|0x000000070d000000, 0x000000070d000000, 0x000000070d200000|  0%| F|  |TAMS 0x000000070d000000, 0x000000070d000000| Untracked 
|  94|0x000000070d200000, 0x000000070d200000, 0x000000070d400000|  0%| F|  |TAMS 0x000000070d200000, 0x000000070d200000| Untracked 
|  95|0x000000070d400000, 0x000000070d400000, 0x000000070d600000|  0%| F|  |TAMS 0x000000070d400000, 0x000000070d400000| Untracked 
|  96|0x000000070d600000, 0x000000070d600000, 0x000000070d800000|  0%| F|  |TAMS 0x000000070d600000, 0x000000070d600000| Untracked 
|  97|0x000000070d800000, 0x000000070d800000, 0x000000070da00000|  0%| F|  |TAMS 0x000000070d800000, 0x000000070d800000| Untracked 
|  98|0x000000070da00000, 0x000000070da00000, 0x000000070dc00000|  0%| F|  |TAMS 0x000000070da00000, 0x000000070da00000| Untracked 
|  99|0x000000070dc00000, 0x000000070dc00000, 0x000000070de00000|  0%| F|  |TAMS 0x000000070dc00000, 0x000000070dc00000| Untracked 
| 100|0x000000070de00000, 0x000000070de00000, 0x000000070e000000|  0%| F|  |TAMS 0x000000070de00000, 0x000000070de00000| Untracked 
| 101|0x000000070e000000, 0x000000070e000000, 0x000000070e200000|  0%| F|  |TAMS 0x000000070e000000, 0x000000070e000000| Untracked 
| 102|0x000000070e200000, 0x000000070e200000, 0x000000070e400000|  0%| F|  |TAMS 0x000000070e200000, 0x000000070e200000| Untracked 
| 103|0x000000070e400000, 0x000000070e400000, 0x000000070e600000|  0%| F|  |TAMS 0x000000070e400000, 0x000000070e400000| Untracked 
| 104|0x000000070e600000, 0x000000070e600000, 0x000000070e800000|  0%| F|  |TAMS 0x000000070e600000, 0x000000070e600000| Untracked 
| 105|0x000000070e800000, 0x000000070e800000, 0x000000070ea00000|  0%| F|  |TAMS 0x000000070e800000, 0x000000070e800000| Untracked 
| 106|0x000000070ea00000, 0x000000070ea00000, 0x000000070ec00000|  0%| F|  |TAMS 0x000000070ea00000, 0x000000070ea00000| Untracked 
| 107|0x000000070ec00000, 0x000000070ec00000, 0x000000070ee00000|  0%| F|  |TAMS 0x000000070ec00000, 0x000000070ec00000| Untracked 
| 108|0x000000070ee00000, 0x000000070ee00000, 0x000000070f000000|  0%| F|  |TAMS 0x000000070ee00000, 0x000000070ee00000| Untracked 
| 109|0x000000070f000000, 0x000000070f000000, 0x000000070f200000|  0%| F|  |TAMS 0x000000070f000000, 0x000000070f000000| Untracked 
| 110|0x000000070f200000, 0x000000070f200000, 0x000000070f400000|  0%| F|  |TAMS 0x000000070f200000, 0x000000070f200000| Untracked 
| 111|0x000000070f400000, 0x000000070f400000, 0x000000070f600000|  0%| F|  |TAMS 0x000000070f400000, 0x000000070f400000| Untracked 
| 112|0x000000070f600000, 0x000000070f600000, 0x000000070f800000|  0%| F|  |TAMS 0x000000070f600000, 0x000000070f600000| Untracked 
| 113|0x000000070f800000, 0x000000070f800000, 0x000000070fa00000|  0%| F|  |TAMS 0x000000070f800000, 0x000000070f800000| Untracked 
| 114|0x000000070fa00000, 0x000000070fa00000, 0x000000070fc00000|  0%| F|  |TAMS 0x000000070fa00000, 0x000000070fa00000| Untracked 
| 115|0x000000070fc00000, 0x000000070fc00000, 0x000000070fe00000|  0%| F|  |TAMS 0x000000070fc00000, 0x000000070fc00000| Untracked 
| 116|0x000000070fe00000, 0x000000070fe00000, 0x0000000710000000|  0%| F|  |TAMS 0x000000070fe00000, 0x000000070fe00000| Untracked 
| 117|0x0000000710000000, 0x0000000710000000, 0x0000000710200000|  0%| F|  |TAMS 0x0000000710000000, 0x0000000710000000| Untracked 
| 118|0x0000000710200000, 0x0000000710200000, 0x0000000710400000|  0%| F|  |TAMS 0x0000000710200000, 0x0000000710200000| Untracked 
| 119|0x0000000710400000, 0x0000000710400000, 0x0000000710600000|  0%| F|  |TAMS 0x0000000710400000, 0x0000000710400000| Untracked 
| 120|0x0000000710600000, 0x0000000710600000, 0x0000000710800000|  0%| F|  |TAMS 0x0000000710600000, 0x0000000710600000| Untracked 
| 121|0x0000000710800000, 0x0000000710800000, 0x0000000710a00000|  0%| F|  |TAMS 0x0000000710800000, 0x0000000710800000| Untracked 
| 122|0x0000000710a00000, 0x0000000710a00000, 0x0000000710c00000|  0%| F|  |TAMS 0x0000000710a00000, 0x0000000710a00000| Untracked 
| 123|0x0000000710c00000, 0x0000000710c00000, 0x0000000710e00000|  0%| F|  |TAMS 0x0000000710c00000, 0x0000000710c00000| Untracked 
| 124|0x0000000710e00000, 0x0000000710f569f8, 0x0000000711000000| 66%| E|  |TAMS 0x0000000710e00000, 0x0000000710e00000| Complete 
| 125|0x0000000711000000, 0x0000000711200000, 0x0000000711200000|100%| E|CS|TAMS 0x0000000711000000, 0x0000000711000000| Complete 
| 126|0x0000000711200000, 0x0000000711400000, 0x0000000711400000|100%| E|CS|TAMS 0x0000000711200000, 0x0000000711200000| Complete 
| 127|0x0000000711400000, 0x0000000711600000, 0x0000000711600000|100%| E|CS|TAMS 0x0000000711400000, 0x0000000711400000| Complete 

Card table byte_map: [0x00000193f30c0000,0x00000193f38c0000] _byte_map_base: 0x00000193ef8b5000

Marking Bits (Prev, Next): (CMBitMap*) 0x00000193eed1a590, (CMBitMap*) 0x00000193eed1a5d0
 Prev Bits: [0x00000193f40c0000, 0x00000193f8068000)
 Next Bits: [0x00000193f8070000, 0x00000193fc018000)

Polling page: 0x00000193ec0d0000

Metaspace:

Usage:
  Non-class:      9.16 MB used.
      Class:    896.33 KB used.
       Both:     10.03 MB used.

Virtual space:
  Non-class space:       16.00 MB reserved,       9.19 MB ( 57%) committed,  2 nodes.
      Class space:        1.00 GB reserved,     960.00 KB ( <1%) committed,  1 nodes.
             Both:        1.02 GB reserved,      10.12 MB ( <1%) committed. 

Chunk freelists:
   Non-Class:  2.70 MB
       Class:  2.97 MB
        Both:  5.67 MB

MaxMetaspaceSize: unlimited
CompressedClassSpaceSize: 1.00 GB
Initial GC threshold: 21.00 MB
Current GC threshold: 21.00 MB
CDS: off
MetaspaceReclaimPolicy: balanced
 - commit_granule_bytes: 65536.
 - commit_granule_words: 8192.
 - virtual_space_node_default_size: 1048576.
 - enlarge_chunks_in_place: 1.
 - new_chunks_are_fully_committed: 0.
 - uncommit_free_chunks: 1.
 - use_allocation_guard: 0.
 - handle_deallocations: 1.


Internal statistics:

num_allocs_failed_limit: 0.
num_arena_births: 10.
num_arena_deaths: 0.
num_vsnodes_births: 3.
num_vsnodes_deaths: 0.
num_space_committed: 162.
num_space_uncommitted: 0.
num_chunks_returned_to_freelist: 0.
num_chunks_taken_from_freelist: 54.
num_chunk_merges: 0.
num_chunk_splits: 24.
num_chunks_enlarged: 17.
num_purges: 0.
num_inconsistent_stats: 0.

CodeHeap 'non-profiled nmethods': size=120000Kb used=153Kb max_used=153Kb free=119846Kb
 bounds [0x0000019387ad0000, 0x0000019387d40000, 0x000001938f000000]
CodeHeap 'profiled nmethods': size=120000Kb used=716Kb max_used=716Kb free=119283Kb
 bounds [0x00000193805a0000, 0x0000019380810000, 0x0000019387ad0000]
CodeHeap 'non-nmethods': size=5760Kb used=1205Kb max_used=1220Kb free=4555Kb
 bounds [0x0000019380000000, 0x0000019380270000, 0x00000193805a0000]
 total_blobs=900 nmethods=477 adapters=336
 compilation: enabled
              stopped_count=0, restarted_count=0
 full_count=0

Compilation events (20 events):
Event: 0.399 Thread 0x00000193ff88d140  468       3       org.eclipse.jdt.launching.internal.org.objectweb.asm.SymbolTable::addConstantUtf8 (20 bytes)
Event: 0.399 Thread 0x00000193ff88d140 nmethod 468 0x0000019380650f10 code [0x00000193806510e0, 0x00000193806513a8]
Event: 0.399 Thread 0x00000193ff88d140  469       3       java.lang.CharacterData::of (136 bytes)
Event: 0.399 Thread 0x00000193ff88d140 nmethod 469 0x0000019380651510 code [0x0000019380651740, 0x0000019380652038]
Event: 0.399 Thread 0x00000193ff88d140  470       3       java.lang.Character::toLowerCase (9 bytes)
Event: 0.400 Thread 0x00000193ff88d140 nmethod 470 0x0000019380652210 code [0x00000193806523c0, 0x00000193806525b8]
Event: 0.401 Thread 0x00000193ff88d140  472       1       sun.invoke.util.Wrapper::basicTypeChar (5 bytes)
Event: 0.401 Thread 0x00000193ff88d140 nmethod 472 0x0000019387af5b90 code [0x0000019387af5d20, 0x0000019387af5df8]
Event: 0.402 Thread 0x00000193ff88d140  474       1       java.lang.invoke.MethodTypeForm::parameterSlotCount (5 bytes)
Event: 0.402 Thread 0x00000193ff88d140 nmethod 474 0x0000019387af6490 code [0x0000019387af6620, 0x0000019387af66f8]
Event: 0.402 Thread 0x00000193ff88d140  476       3       java.util.regex.Pattern::has (15 bytes)
Event: 0.402 Thread 0x00000193ff88d140 nmethod 476 0x0000019380652690 code [0x0000019380652820, 0x0000019380652998]
Event: 420.080 Thread 0x00000193ff88c6a0  477       4       org.eclipse.jdt.launching.internal.org.objectweb.asm.ClassReader::getItem (7 bytes)
Event: 420.083 Thread 0x00000193ff88c6a0 

Event: 604.562 Thread 0x00000193ff88d140  478       3       org.eclipse.jdt.launching.internal.org.objectweb.asm.SymbolTable::addConstantUtf8Reference (20 bytes)
Event: 604.562 Thread 0x00000193ff88d140 nmethod 478 0x0000019380652a10 code [0x0000019380652be0, 0x0000019380652ea8]
Event: 1846.518 Thread 0x00000193ff88c6a0  479       4       java.lang.StringUTF16::compress (50 bytes)
Event: 1846.518 Thread 0x00000193ff88d140  480       3       org.eclipse.jdt.launching.internal.org.objectweb.asm.ByteVector::putShort (52 bytes)
Event: 1846.521 Thread 0x00000193ff88d140 

Event: 1846.524 Thread 0x00000193ff88c6a0 


GC Heap History (0 events):
No events

Deoptimization events (20 events):
Event: 0.354 Thread 0x00000193eeccc440 DEOPT PACKING pc=0x000001938061f4d4 sp=0x0000003ee68f7cc0
Event: 0.354 Thread 0x00000193eeccc440 DEOPT UNPACKING pc=0x0000019380052b43 sp=0x0000003ee68f7128 mode 0
Event: 0.357 Thread 0x00000193eeccc440 DEOPT PACKING pc=0x000001938061f4d4 sp=0x0000003ee68fb710
Event: 0.357 Thread 0x00000193eeccc440 DEOPT UNPACKING pc=0x0000019380052b43 sp=0x0000003ee68fab78 mode 0
Event: 0.357 Thread 0x00000193eeccc440 DEOPT PACKING pc=0x000001938061f4d4 sp=0x0000003ee68fb710
Event: 0.357 Thread 0x00000193eeccc440 DEOPT UNPACKING pc=0x0000019380052b43 sp=0x0000003ee68fab78 mode 0
Event: 0.359 Thread 0x00000193eeccc440 DEOPT PACKING pc=0x000001938061f4d4 sp=0x0000003ee68fb640
Event: 0.359 Thread 0x00000193eeccc440 DEOPT UNPACKING pc=0x0000019380052b43 sp=0x0000003ee68faaa8 mode 0
Event: 0.362 Thread 0x00000193eeccc440 DEOPT PACKING pc=0x000001938061f4d4 sp=0x0000003ee68fb710
Event: 0.362 Thread 0x00000193eeccc440 DEOPT UNPACKING pc=0x0000019380052b43 sp=0x0000003ee68fab78 mode 0
Event: 0.366 Thread 0x00000193eeccc440 DEOPT PACKING pc=0x000001938061f4d4 sp=0x0000003ee68f78b0
Event: 0.366 Thread 0x00000193eeccc440 DEOPT UNPACKING pc=0x0000019380052b43 sp=0x0000003ee68f6d18 mode 0
Event: 0.391 Thread 0x00000193eeccc440 Uncommon trap: trap_request=0xffffff45 fr.pc=0x0000019387ad91c0 relative=0x00000000000001c0
Event: 0.391 Thread 0x00000193eeccc440 Uncommon trap: reason=unstable_if action=reinterpret pc=0x0000019387ad91c0 method=java.lang.String.isLatin1()Z @ 10 c2
Event: 0.391 Thread 0x00000193eeccc440 DEOPT PACKING pc=0x0000019387ad91c0 sp=0x0000003ee68fc540
Event: 0.391 Thread 0x00000193eeccc440 DEOPT UNPACKING pc=0x00000193800523a3 sp=0x0000003ee68fc478 mode 2
Event: 0.396 Thread 0x00000193eeccc440 Uncommon trap: trap_request=0xffffff45 fr.pc=0x0000019387ae25c8 relative=0x0000000000000048
Event: 0.396 Thread 0x00000193eeccc440 Uncommon trap: reason=unstable_if action=reinterpret pc=0x0000019387ae25c8 method=java.lang.CharacterData.of(I)Ljava/lang/CharacterData; @ 4 c2
Event: 0.396 Thread 0x00000193eeccc440 DEOPT PACKING pc=0x0000019387ae25c8 sp=0x0000003ee68fe4f0
Event: 0.396 Thread 0x00000193eeccc440 DEOPT UNPACKING pc=0x00000193800523a3 sp=0x0000003ee68fe490 mode 2

Classes unloaded (0 events):
No events

Classes redefined (4 events):
Event: 164.396 Thread 0x00000193fec8e790 redefined class name=customList.CustomList, count=1
Event: 420.081 Thread 0x00000193fec8e790 redefined class name=customList.Main, count=1
Event: 604.563 Thread 0x00000193fec8e790 redefined class name=customList.Main, count=2
Event: 1846.519 Thread 0x00000193fec8e790 redefined class name=customList.Main, count=3

Internal exceptions (0 events):
No events

VM Operations (20 events):
Event: 0.370 Executing VM operation: ChangeBreakpoints
Event: 0.370 Executing VM operation: ChangeBreakpoints done
Event: 0.396 Executing VM operation: HandshakeAllThreads
Event: 0.396 Executing VM operation: HandshakeAllThreads done
Event: 164.395 Executing VM operation: RedefineClasses
Event: 164.397 Executing VM operation: RedefineClasses done
Event: 420.080 Executing VM operation: RedefineClasses
Event: 420.083 Executing VM operation: RedefineClasses done
Event: 420.088 Executing VM operation: ChangeBreakpoints
Event: 420.088 Executing VM operation: ChangeBreakpoints done
Event: 420.088 Executing VM operation: ChangeBreakpoints
Event: 420.088 Executing VM operation: ChangeBreakpoints done
Event: 604.562 Executing VM operation: RedefineClasses
Event: 604.564 Executing VM operation: RedefineClasses done
Event: 604.569 Executing VM operation: ChangeBreakpoints
Event: 604.569 Executing VM operation: ChangeBreakpoints done
Event: 604.570 Executing VM operation: ChangeBreakpoints
Event: 604.570 Executing VM operation: ChangeBreakpoints done
Event: 1846.519 Executing VM operation: RedefineClasses
Event: 1846.521 Executing VM operation: RedefineClasses done

Events (20 events):
Event: 0.396 loading class java/util/stream/Sink$ChainedInt
Event: 0.396 loading class java/util/stream/Sink$ChainedInt done
Event: 0.396 loading class java/util/stream/IntPipeline$10$1 done
Event: 0.396 loading class java/lang/StringUTF16$CharsSpliterator
Event: 0.396 loading class java/lang/StringUTF16$CharsSpliterator done
Event: 0.396 loading class java/lang/CharacterData00
Event: 0.396 loading class java/lang/CharacterData00 done
Event: 0.397 loading class java/text/DecimalFormat
Event: 0.398 loading class java/text/DecimalFormat done
Event: 0.398 loading class java/text/FieldPosition
Event: 0.398 loading class java/text/FieldPosition done
Event: 0.398 loading class java/text/DigitList
Event: 0.398 loading class java/text/DigitList done
Event: 0.398 loading class java/math/RoundingMode
Event: 0.398 loading class java/math/RoundingMode done
Event: 0.402 loading class java/util/regex/Pattern$Dollar
Event: 0.402 loading class java/util/regex/Pattern$Dollar done
Event: 0.402 loading class java/nio/charset/CoderResult
Event: 0.402 loading class java/nio/charset/CoderResult done
Event: 5.412 Thread 0x000001938f0cf9a0 Thread exited: 0x000001938f0cf9a0


Dynamic libraries:
0x00007ff7e3180000 - 0x00007ff7e318e000 	C:\Users\Kalin\.p2\pool\plugins\org.eclipse.justj.openjdk.hotspot.jre.full.win32.x86_64_17.0.2.v20220201-1208\jre\bin\javaw.exe
0x00007fffa15d0000 - 0x00007fffa17e4000 	C:\WINDOWS\SYSTEM32\ntdll.dll
0x00007fffa0220000 - 0x00007fffa02e3000 	C:\WINDOWS\System32\KERNEL32.DLL
0x00007fff9edc0000 - 0x00007fff9f15d000 	C:\WINDOWS\System32\KERNELBASE.dll
0x00007fff4efb0000 - 0x00007fff4f079000 	C:\Program Files\Bitdefender\Bitdefender Security\bdhkm\dlls_266167904599536098\bdhkm64.dll
0x00007fff4ee80000 - 0x00007fff4efaa000 	C:\Program Files\Bitdefender\Bitdefender Security\atcuf\dlls_266191284912058684\atcuf64.dll
0x00007fff9f220000 - 0x00007fff9f331000 	C:\WINDOWS\System32\ucrtbase.dll
0x00007fff79dd0000 - 0x00007fff79de8000 	C:\Users\Kalin\.p2\pool\plugins\org.eclipse.justj.openjdk.hotspot.jre.full.win32.x86_64_17.0.2.v20220201-1208\jre\bin\jli.dll
0x00007fff9f900000 - 0x00007fff9faad000 	C:\WINDOWS\System32\USER32.dll
0x00007fff9ed90000 - 0x00007fff9edb6000 	C:\WINDOWS\System32\win32u.dll
0x00007fff9f590000 - 0x00007fff9f5b9000 	C:\WINDOWS\System32\GDI32.dll
0x00007fff9ec00000 - 0x00007fff9ed12000 	C:\WINDOWS\System32\gdi32full.dll
0x00007fff9eb60000 - 0x00007fff9ebfa000 	C:\WINDOWS\System32\msvcp_win.dll
0x00007fff79db0000 - 0x00007fff79dc9000 	C:\Users\Kalin\.p2\pool\plugins\org.eclipse.justj.openjdk.hotspot.jre.full.win32.x86_64_17.0.2.v20220201-1208\jre\bin\VCRUNTIME140.dll
0x00007fff7dcd0000 - 0x00007fff7df5e000 	C:\WINDOWS\WinSxS\amd64_microsoft.windows.common-controls_6595b64144ccf1df_6.0.22621.608_none_a9444ca7c10bb01d\COMCTL32.dll
0x00007fff9f4e0000 - 0x00007fff9f587000 	C:\WINDOWS\System32\msvcrt.dll
0x00007fffa1160000 - 0x00007fffa1192000 	C:\WINDOWS\System32\IMM32.DLL
0x00007fff99e70000 - 0x00007fff99e7c000 	C:\Users\Kalin\.p2\pool\plugins\org.eclipse.justj.openjdk.hotspot.jre.full.win32.x86_64_17.0.2.v20220201-1208\jre\bin\vcruntime140_1.dll
0x00007fff732d0000 - 0x00007fff73361000 	C:\Users\Kalin\.p2\pool\plugins\org.eclipse.justj.openjdk.hotspot.jre.full.win32.x86_64_17.0.2.v20220201-1208\jre\bin\msvcp140.dll
0x00007fff4fd10000 - 0x00007fff50957000 	C:\Users\Kalin\.p2\pool\plugins\org.eclipse.justj.openjdk.hotspot.jre.full.win32.x86_64_17.0.2.v20220201-1208\jre\bin\server\jvm.dll
0x00007fffa0cd0000 - 0x00007fffa0d7e000 	C:\WINDOWS\System32\ADVAPI32.dll
0x00007fffa0ae0000 - 0x00007fffa0b84000 	C:\WINDOWS\System32\sechost.dll
0x00007fffa0fb0000 - 0x00007fffa10c5000 	C:\WINDOWS\System32\RPCRT4.dll
0x00007fffa1530000 - 0x00007fffa1538000 	C:\WINDOWS\System32\PSAPI.DLL
0x00007fff80f70000 - 0x00007fff80f79000 	C:\WINDOWS\SYSTEM32\WSOCK32.dll
0x00007fffa10e0000 - 0x00007fffa1151000 	C:\WINDOWS\System32\WS2_32.dll
0x00007fff97c20000 - 0x00007fff97c54000 	C:\WINDOWS\SYSTEM32\WINMM.dll
0x00007fff95fa0000 - 0x00007fff95faa000 	C:\WINDOWS\SYSTEM32\VERSION.dll
0x00007fff9da40000 - 0x00007fff9da58000 	C:\WINDOWS\SYSTEM32\kernel.appcore.dll
0x00007fff99e50000 - 0x00007fff99e5a000 	C:\Users\Kalin\.p2\pool\plugins\org.eclipse.justj.openjdk.hotspot.jre.full.win32.x86_64_17.0.2.v20220201-1208\jre\bin\jimage.dll
0x00007fff9bbe0000 - 0x00007fff9be0e000 	C:\WINDOWS\SYSTEM32\DBGHELP.DLL
0x00007fffa11a0000 - 0x00007fffa152a000 	C:\WINDOWS\System32\combase.dll
0x00007fffa0bf0000 - 0x00007fffa0cc7000 	C:\WINDOWS\System32\OLEAUT32.dll
0x00007fff77fa0000 - 0x00007fff77fd2000 	C:\WINDOWS\SYSTEM32\dbgcore.DLL
0x00007fff9f340000 - 0x00007fff9f3bb000 	C:\WINDOWS\System32\bcryptPrimitives.dll
0x00007fff7a8c0000 - 0x00007fff7a8fb000 	C:\Users\Kalin\.p2\pool\plugins\org.eclipse.justj.openjdk.hotspot.jre.full.win32.x86_64_17.0.2.v20220201-1208\jre\bin\jdwp.dll
0x00007fff99cf0000 - 0x00007fff99cfe000 	C:\Users\Kalin\.p2\pool\plugins\org.eclipse.justj.openjdk.hotspot.jre.full.win32.x86_64_17.0.2.v20220201-1208\jre\bin\instrument.dll
0x00007fff732a0000 - 0x00007fff732c5000 	C:\Users\Kalin\.p2\pool\plugins\org.eclipse.justj.openjdk.hotspot.jre.full.win32.x86_64_17.0.2.v20220201-1208\jre\bin\java.dll
0x00007fff794d0000 - 0x00007fff794e8000 	C:\Users\Kalin\.p2\pool\plugins\org.eclipse.justj.openjdk.hotspot.jre.full.win32.x86_64_17.0.2.v20220201-1208\jre\bin\zip.dll
0x00007fffa02f0000 - 0x00007fffa0adf000 	C:\WINDOWS\System32\SHELL32.dll
0x00007fff9ca10000 - 0x00007fff9d2d8000 	C:\WINDOWS\SYSTEM32\windows.storage.dll
0x00007fff9c8d0000 - 0x00007fff9ca0e000 	C:\WINDOWS\SYSTEM32\wintypes.dll
0x00007fff9fca0000 - 0x00007fff9fd91000 	C:\WINDOWS\System32\SHCORE.dll
0x00007fffa0b90000 - 0x00007fffa0bee000 	C:\WINDOWS\System32\shlwapi.dll
0x00007fff9e920000 - 0x00007fff9e941000 	C:\WINDOWS\SYSTEM32\profapi.dll
0x00007fff99ce0000 - 0x00007fff99cec000 	C:\Users\Kalin\.p2\pool\plugins\org.eclipse.justj.openjdk.hotspot.jre.full.win32.x86_64_17.0.2.v20220201-1208\jre\bin\dt_socket.dll
0x00007fff9d570000 - 0x00007fff9d59d000 	C:\WINDOWS\SYSTEM32\IPHLPAPI.DLL
0x00007fff9dfa0000 - 0x00007fff9e009000 	C:\WINDOWS\system32\mswsock.dll
0x00007fff9d5a0000 - 0x00007fff9d692000 	C:\WINDOWS\SYSTEM32\DNSAPI.dll
0x00007fff9fc70000 - 0x00007fff9fc79000 	C:\WINDOWS\System32\NSI.dll
0x00007fff8f750000 - 0x00007fff8f75a000 	C:\Windows\System32\rasadhlp.dll
0x00007fff95730000 - 0x00007fff957b3000 	C:\WINDOWS\System32\fwpuclnt.dll
0x00007fff73210000 - 0x00007fff73229000 	C:\Users\Kalin\.p2\pool\plugins\org.eclipse.justj.openjdk.hotspot.jre.full.win32.x86_64_17.0.2.v20220201-1208\jre\bin\net.dll
0x00007fff961d0000 - 0x00007fff962ff000 	C:\WINDOWS\SYSTEM32\WINHTTP.dll
0x00007fff731f0000 - 0x00007fff73205000 	C:\Users\Kalin\.p2\pool\plugins\org.eclipse.justj.openjdk.hotspot.jre.full.win32.x86_64_17.0.2.v20220201-1208\jre\bin\nio.dll
0x00007fff99cd0000 - 0x00007fff99ce0000 	C:\Users\Kalin\.p2\pool\plugins\org.eclipse.justj.openjdk.hotspot.jre.full.win32.x86_64_17.0.2.v20220201-1208\jre\bin\verify.dll

dbghelp: loaded successfully - version: 4.0.5 - missing functions: none
symbol engine: initialized successfully - sym options: 0x614 - pdb path: .;C:\Users\Kalin\.p2\pool\plugins\org.eclipse.justj.openjdk.hotspot.jre.full.win32.x86_64_17.0.2.v20220201-1208\jre\bin;C:\WINDOWS\SYSTEM32;C:\Program Files\Bitdefender\Bitdefender Security\bdhkm\dlls_266167904599536098;C:\Program Files\Bitdefender\Bitdefender Security\atcuf\dlls_266191284912058684;C:\WINDOWS\WinSxS\amd64_microsoft.windows.common-controls_6595b64144ccf1df_6.0.22621.608_none_a9444ca7c10bb01d;C:\Users\Kalin\.p2\pool\plugins\org.eclipse.justj.openjdk.hotspot.jre.full.win32.x86_64_17.0.2.v20220201-1208\jre\bin\server

VM Arguments:
jvm_args: -XX:+ShowCodeDetailsInExceptionMessages -agentlib:jdwp=transport=dt_socket,suspend=y,address=localhost:52620 -javaagent:C:\Users\Kalin\eclipse\java-2022-03\eclipse\configuration\org.eclipse.osgi\1946\0\.cp\lib\javaagent-shaded.jar -Dfile.encoding=windows-1251 
java_command: customList.Main
java_class_path (initial): C:\Users\Kalin\Documents\Eclipse\git\Java-Advanced\Generics\bin
Launcher Type: SUN_STANDARD

[Global flags]
     intx CICompilerCount                          = 4                                         {product} {ergonomic}
     uint ConcGCThreads                            = 3                                         {product} {ergonomic}
     uint G1ConcRefinementThreads                  = 10                                        {product} {ergonomic}
   size_t G1HeapRegionSize                         = 2097152                                   {product} {ergonomic}
    uintx GCDrainStackTargetSize                   = 64                                        {product} {ergonomic}
   size_t InitialHeapSize                          = 268435456                                 {product} {ergonomic}
   size_t MarkStackSize                            = 4194304                                   {product} {ergonomic}
   size_t MaxHeapSize                              = 4271898624                                {product} {ergonomic}
   size_t MaxNewSize                               = 2562719744                                {product} {ergonomic}
   size_t MinHeapDeltaBytes                        = 2097152                                   {product} {ergonomic}
   size_t MinHeapSize                              = 8388608                                   {product} {ergonomic}
    uintx NonNMethodCodeHeapSize                   = 5839372                                {pd product} {ergonomic}
    uintx NonProfiledCodeHeapSize                  = 122909434                              {pd product} {ergonomic}
    uintx ProfiledCodeHeapSize                     = 122909434                              {pd product} {ergonomic}
    uintx ReservedCodeCacheSize                    = 251658240                              {pd product} {ergonomic}
     bool SegmentedCodeCache                       = true                                      {product} {ergonomic}
     bool ShowCodeDetailsInExceptionMessages       = true                                   {manageable} {command line}
   size_t SoftMaxHeapSize                          = 4271898624                             {manageable} {ergonomic}
     bool UseCompressedClassPointers               = true                           {product lp64_product} {ergonomic}
     bool UseCompressedOops                        = true                           {product lp64_product} {ergonomic}
     bool UseG1GC                                  = true                                      {product} {ergonomic}
     bool UseLargePagesIndividualAllocation        = false                                  {pd product} {ergonomic}

Logging:
Log output configuration:
 #0: stdout all=warning uptime,level,tags
 #1: stderr all=off uptime,level,tags

Environment Variables:
PATH=C:\Users\Kalin\.p2\pool\plugins\org.eclipse.justj.openjdk.hotspot.jre.full.win32.x86_64_17.0.2.v20220201-1208\jre\bin;C:/Users/Kalin/.p2/pool/plugins/org.eclipse.justj.openjdk.hotspot.jre.full.win32.x86_64_19.0.1.v20221102-1007/jre/bin/server;C:/Users/Kalin/.p2/pool/plugins/org.eclipse.justj.openjdk.hotspot.jre.full.win32.x86_64_19.0.1.v20221102-1007/jre/bin;C:\Program Files\Common Files\Oracle\Java\javapath;C:\Program Files (x86)\Common Files\Oracle\Java\javapath;C:\Windows\system32;C:\Windows;C:\Windows\System32\Wbem;C:\Windows\System32\WindowsPowerShell\v1.0\;C:\Windows\System32\OpenSSH\;C:\Program Files\NVIDIA Corporation\NVIDIA NvDLISR;C:\Program Files (x86)\NVIDIA Corporation\PhysX\Common;C:\Program Files\Microsoft SQL Server\150\Tools\Binn\;C:\Program Files\Microsoft SQL Server\Client SDK\ODBC\170\Tools\Binn\;C:\Program Files\nodejs\;C:\Program Files\Java\jdk-18.0.1.1\bin;C:\Program Files\Java\jre1.8.0_333\bin;;C:\WINDOWS\system32;C:\WINDOWS;C:\WINDOWS\System32\Wbem;C:\WINDOWS\System32\WindowsPowerShell\v1.0\;C:\WINDOWS\System32\OpenSSH\;C:\Program Files\dotnet\;C:\Users\Kalin\AppData\Local\Microsoft\WindowsApps;C:\Users\Kalin\AppData\Roaming\npm;C:\Users\Kalin\AppData\Local\Programs\Microsoft VS Code\bin;C:\Users\Kalin\.dotnet\tools;C:\Users\Kalin\Desktop;
USERNAME=Kalin
OS=Windows_NT
PROCESSOR_IDENTIFIER=Intel64 Family 6 Model 158 Stepping 10, GenuineIntel



---------------  S Y S T E M  ---------------

OS:
 Windows 11 , 64 bit Build 22621 (10.0.22621.1105)
OS uptime: 0 days 1:55 hours

CPU: total 12 (initial active 12) (6 cores per cpu, 2 threads per core) family 6 model 158 stepping 10 microcode 0xf0, cx8, cmov, fxsr, ht, mmx, 3dnowpref, sse, sse2, sse3, ssse3, sse4.1, sse4.2, popcnt, lzcnt, tsc, tscinvbit, avx, avx2, aes, erms, clmul, bmi1, bmi2, adx, fma, vzeroupper, clflush, clflushopt

Memory: 4k page, system-wide physical 16294M (7463M free)
TotalPageFile size 27046M (AvailPageFile size 10544M)
current process WorkingSet (physical memory assigned to process): 52M, peak: 55M
current process commit charge ("private bytes"): 354M, peak: 355M

vm_info: OpenJDK 64-Bit Server VM (17.0.2+8) for windows-amd64 JRE (17.0.2+8), built on Jan 20 2022 04:52:34 by "" with MS VC++ 16.7 (VS2019)

END.
